<?xml version="1.0" encoding="UTF-8"?>
<testng-results ignored="0" total="1" passed="1" failed="0" skipped="0">
  <reporter-output>
  </reporter-output>
  <suite started-at="2024-02-12T15:22:09 EET" name="Default suite" finished-at="2024-02-12T15:22:12 EET" duration-ms="2753">
    <groups>
    </groups>
    <test started-at="2024-02-12T15:22:09 EET" name="Default test" finished-at="2024-02-12T15:22:12 EET" duration-ms="2753">
      <class name="swaglap.sreenshot">
        <test-method is-config="true" signature="sutup()[pri:0, instance:swaglap.sreenshot@7e985ce9]" started-at="2024-02-12T15:22:09 EET" name="sutup" finished-at="2024-02-12T15:22:11 EET" duration-ms="2512" status="PASS">
          <reporter-output>
          </reporter-output>
        </test-method> <!-- sutup -->
        <test-method signature="Test()[pri:0, instance:swaglap.sreenshot@7e985ce9]" started-at="2024-02-12T15:22:12 EET" name="Test" finished-at="2024-02-12T15:22:12 EET" duration-ms="167" status="PASS">
          <reporter-output>
          </reporter-output>
        </test-method> <!-- Test -->
        <test-method is-config="true" signature="endTest()[pri:0, instance:swaglap.sreenshot@7e985ce9]" started-at="2024-02-12T15:22:12 EET" name="endTest" finished-at="2024-02-12T15:22:12 EET" duration-ms="1" status="PASS">
          <reporter-output>
          </reporter-output>
        </test-method> <!-- endTest -->
      </class> <!-- swaglap.sreenshot -->
    </test> <!-- Default test -->
  </suite> <!-- Default suite -->
</testng-results>
